{"/Users/voxfeed_1/code/protos/testability-js/register-user.js":{"path":"/Users/voxfeed_1/code/protos/testability-js/register-user.js","s":{"1":1,"2":1,"3":1,"4":1,"5":1,"6":2,"7":2,"8":2,"9":5,"10":5,"11":1,"12":4,"13":4,"14":4,"15":4,"16":4,"17":1,"18":3,"19":1,"20":2,"21":2,"22":2,"23":1,"24":1,"25":1},"b":{"1":[5,1],"2":[1,4],"3":[1,3],"4":[1,2],"5":[1,1]},"f":{"1":2,"2":5,"3":4,"4":4,"5":2},"fnMap":{"1":{"name":"(anonymous_1)","line":11,"loc":{"start":{"line":11,"column":13},"end":{"line":11,"column":23}}},"2":{"name":"(anonymous_2)","line":19,"loc":{"start":{"line":19,"column":13},"end":{"line":19,"column":20}}},"3":{"name":"(anonymous_3)","line":27,"loc":{"start":{"line":27,"column":9},"end":{"line":27,"column":20}}},"4":{"name":"(anonymous_4)","line":34,"loc":{"start":{"line":34,"column":17},"end":{"line":34,"column":28}}},"5":{"name":"(anonymous_5)","line":43,"loc":{"start":{"line":43,"column":13},"end":{"line":43,"column":24}}}},"statementMap":{"1":{"start":{"line":3,"column":0},"end":{"line":3,"column":31}},"2":{"start":{"line":4,"column":0},"end":{"line":4,"column":52}},"3":{"start":{"line":5,"column":0},"end":{"line":5,"column":52}},"4":{"start":{"line":6,"column":0},"end":{"line":6,"column":60}},"5":{"start":{"line":8,"column":0},"end":{"line":8,"column":49}},"6":{"start":{"line":12,"column":4},"end":{"line":12,"column":19}},"7":{"start":{"line":13,"column":4},"end":{"line":13,"column":35}},"8":{"start":{"line":14,"column":4},"end":{"line":14,"column":52}},"9":{"start":{"line":20,"column":4},"end":{"line":20,"column":22}},"10":{"start":{"line":21,"column":4},"end":{"line":23,"column":5}},"11":{"start":{"line":22,"column":6},"end":{"line":22,"column":54}},"12":{"start":{"line":24,"column":4},"end":{"line":24,"column":30}},"13":{"start":{"line":28,"column":4},"end":{"line":31,"column":17}},"14":{"start":{"line":35,"column":4},"end":{"line":35,"column":44}},"15":{"start":{"line":36,"column":4},"end":{"line":40,"column":7}},"16":{"start":{"line":37,"column":6},"end":{"line":37,"column":40}},"17":{"start":{"line":37,"column":17},"end":{"line":37,"column":40}},"18":{"start":{"line":38,"column":6},"end":{"line":38,"column":98}},"19":{"start":{"line":38,"column":16},"end":{"line":38,"column":98}},"20":{"start":{"line":39,"column":6},"end":{"line":39,"column":17}},"21":{"start":{"line":44,"column":4},"end":{"line":47,"column":7}},"22":{"start":{"line":45,"column":6},"end":{"line":45,"column":73}},"23":{"start":{"line":45,"column":17},"end":{"line":45,"column":73}},"24":{"start":{"line":46,"column":6},"end":{"line":46,"column":27}},"25":{"start":{"line":51,"column":0},"end":{"line":51,"column":30}}},"branchMap":{"1":{"line":20,"type":"binary-expr","locations":[{"start":{"line":20,"column":11},"end":{"line":20,"column":15}},{"start":{"line":20,"column":19},"end":{"line":20,"column":21}}]},"2":{"line":21,"type":"if","locations":[{"start":{"line":21,"column":4},"end":{"line":21,"column":4}},{"start":{"line":21,"column":4},"end":{"line":21,"column":4}}]},"3":{"line":37,"type":"if","locations":[{"start":{"line":37,"column":6},"end":{"line":37,"column":6}},{"start":{"line":37,"column":6},"end":{"line":37,"column":6}}]},"4":{"line":38,"type":"if","locations":[{"start":{"line":38,"column":6},"end":{"line":38,"column":6}},{"start":{"line":38,"column":6},"end":{"line":38,"column":6}}]},"5":{"line":45,"type":"if","locations":[{"start":{"line":45,"column":6},"end":{"line":45,"column":6}},{"start":{"line":45,"column":6},"end":{"line":45,"column":6}}]}}},"/Users/voxfeed_1/code/protos/testability-js/errors/bad-input.js":{"path":"/Users/voxfeed_1/code/protos/testability-js/errors/bad-input.js","s":{"1":3,"2":3,"3":3,"4":1},"b":{},"f":{"1":3},"fnMap":{"1":{"name":"(anonymous_1)","line":4,"loc":{"start":{"line":4,"column":13},"end":{"line":4,"column":23}}}},"statementMap":{"1":{"start":{"line":5,"column":4},"end":{"line":5,"column":19}},"2":{"start":{"line":6,"column":4},"end":{"line":6,"column":28}},"3":{"start":{"line":7,"column":4},"end":{"line":7,"column":52}},"4":{"start":{"line":11,"column":0},"end":{"line":11,"column":31}}},"branchMap":{}},"/Users/voxfeed_1/code/protos/testability-js/entities/user-factory.js":{"path":"/Users/voxfeed_1/code/protos/testability-js/entities/user-factory.js","s":{"1":1,"2":2,"3":2,"4":2,"5":1,"6":4,"7":4,"8":2},"b":{},"f":{"1":2,"2":4},"fnMap":{"1":{"name":"(anonymous_1)","line":6,"loc":{"start":{"line":6,"column":13},"end":{"line":6,"column":23}}},"2":{"name":"(anonymous_2)","line":13,"loc":{"start":{"line":13,"column":17},"end":{"line":13,"column":36}}}},"statementMap":{"1":{"start":{"line":3,"column":0},"end":{"line":3,"column":31}},"2":{"start":{"line":7,"column":4},"end":{"line":7,"column":19}},"3":{"start":{"line":8,"column":4},"end":{"line":8,"column":33}},"4":{"start":{"line":9,"column":4},"end":{"line":9,"column":52}},"5":{"start":{"line":13,"column":0},"end":{"line":19,"column":2}},"6":{"start":{"line":14,"column":2},"end":{"line":18,"column":3}},"7":{"start":{"line":15,"column":4},"end":{"line":15,"column":30}},"8":{"start":{"line":17,"column":4},"end":{"line":17,"column":73}}},"branchMap":{}},"/Users/voxfeed_1/code/protos/testability-js/entities/user.js":{"path":"/Users/voxfeed_1/code/protos/testability-js/entities/user.js","s":{"1":1,"2":1,"3":1,"4":4,"5":4,"6":2,"7":2,"8":1},"b":{"1":[4,1],"2":[2,2]},"f":{"1":4},"fnMap":{"1":{"name":"(anonymous_1)","line":8,"loc":{"start":{"line":8,"column":13},"end":{"line":8,"column":20}}}},"statementMap":{"1":{"start":{"line":3,"column":0},"end":{"line":3,"column":53}},"2":{"start":{"line":4,"column":0},"end":{"line":4,"column":55}},"3":{"start":{"line":5,"column":0},"end":{"line":5,"column":51}},"4":{"start":{"line":9,"column":4},"end":{"line":9,"column":22}},"5":{"start":{"line":10,"column":4},"end":{"line":12,"column":5}},"6":{"start":{"line":11,"column":6},"end":{"line":11,"column":72}},"7":{"start":{"line":13,"column":4},"end":{"line":13,"column":30}},"8":{"start":{"line":17,"column":0},"end":{"line":17,"column":22}}},"branchMap":{"1":{"line":9,"type":"binary-expr","locations":[{"start":{"line":9,"column":11},"end":{"line":9,"column":15}},{"start":{"line":9,"column":19},"end":{"line":9,"column":21}}]},"2":{"line":10,"type":"if","locations":[{"start":{"line":10,"column":4},"end":{"line":10,"column":4}},{"start":{"line":10,"column":4},"end":{"line":10,"column":4}}]}}},"/Users/voxfeed_1/code/protos/testability-js/entities/validate-required.js":{"path":"/Users/voxfeed_1/code/protos/testability-js/entities/validate-required.js","s":{"1":1,"2":9,"3":9,"4":9},"b":{"1":[9,0]},"f":{"1":9},"fnMap":{"1":{"name":"(anonymous_1)","line":3,"loc":{"start":{"line":3,"column":17},"end":{"line":3,"column":42}}}},"statementMap":{"1":{"start":{"line":3,"column":0},"end":{"line":7,"column":2}},"2":{"start":{"line":4,"column":2},"end":{"line":4,"column":20}},"3":{"start":{"line":5,"column":2},"end":{"line":5,"column":63}},"4":{"start":{"line":6,"column":2},"end":{"line":6,"column":57}}},"branchMap":{"1":{"line":4,"type":"binary-expr","locations":[{"start":{"line":4,"column":9},"end":{"line":4,"column":13}},{"start":{"line":4,"column":17},"end":{"line":4,"column":19}}]}}},"/Users/voxfeed_1/code/protos/testability-js/database/memory/database.js":{"path":"/Users/voxfeed_1/code/protos/testability-js/database/memory/database.js","s":{"1":1,"2":4,"3":3,"4":3,"5":3,"6":3,"7":5,"8":5,"9":5,"10":1},"b":{},"f":{"1":4,"2":3,"3":5},"fnMap":{"1":{"name":"(anonymous_1)","line":6,"loc":{"start":{"line":6,"column":13},"end":{"line":6,"column":16}}},"2":{"name":"(anonymous_2)","line":10,"loc":{"start":{"line":10,"column":20},"end":{"line":10,"column":41}}},"3":{"name":"(anonymous_3)","line":15,"loc":{"start":{"line":15,"column":12},"end":{"line":15,"column":29}}}},"statementMap":{"1":{"start":{"line":3,"column":0},"end":{"line":3,"column":54}},"2":{"start":{"line":7,"column":4},"end":{"line":7,"column":20}},"3":{"start":{"line":11,"column":4},"end":{"line":11,"column":71}},"4":{"start":{"line":11,"column":43},"end":{"line":11,"column":69}},"5":{"start":{"line":12,"column":4},"end":{"line":12,"column":45}},"6":{"start":{"line":12,"column":21},"end":{"line":12,"column":43}},"7":{"start":{"line":16,"column":4},"end":{"line":16,"column":41}},"8":{"start":{"line":17,"column":4},"end":{"line":17,"column":43}},"9":{"start":{"line":17,"column":21},"end":{"line":17,"column":41}},"10":{"start":{"line":21,"column":0},"end":{"line":21,"column":32}}},"branchMap":{}}}