TN:
SF:/Users/voxfeed_1/code/protos/testability-js/register-user.js
FN:11,(anonymous_1)
FN:19,(anonymous_2)
FN:27,(anonymous_3)
FN:34,(anonymous_4)
FN:43,(anonymous_5)
FNF:5
FNH:5
FNDA:2,(anonymous_1)
FNDA:5,(anonymous_2)
FNDA:4,(anonymous_3)
FNDA:4,(anonymous_4)
FNDA:2,(anonymous_5)
DA:3,1
DA:4,1
DA:5,1
DA:6,1
DA:8,1
DA:12,2
DA:13,2
DA:14,2
DA:20,5
DA:21,5
DA:22,1
DA:24,4
DA:28,4
DA:35,4
DA:36,4
DA:37,4
DA:38,3
DA:39,2
DA:44,2
DA:45,2
DA:46,1
DA:51,1
LF:22
LH:22
BRDA:20,1,0,5
BRDA:20,1,1,1
BRDA:21,2,0,1
BRDA:21,2,1,4
BRDA:37,3,0,1
BRDA:37,3,1,3
BRDA:38,4,0,1
BRDA:38,4,1,2
BRDA:45,5,0,1
BRDA:45,5,1,1
BRF:10
BRH:10
end_of_record
TN:
SF:/Users/voxfeed_1/code/protos/testability-js/errors/bad-input.js
FN:4,(anonymous_1)
FNF:1
FNH:1
FNDA:3,(anonymous_1)
DA:5,3
DA:6,3
DA:7,3
DA:11,1
LF:4
LH:4
BRF:0
BRH:0
end_of_record
TN:
SF:/Users/voxfeed_1/code/protos/testability-js/entities/user-factory.js
FN:6,(anonymous_1)
FN:13,(anonymous_2)
FNF:2
FNH:2
FNDA:2,(anonymous_1)
FNDA:4,(anonymous_2)
DA:3,1
DA:7,2
DA:8,2
DA:9,2
DA:13,1
DA:14,4
DA:15,4
DA:17,2
LF:8
LH:8
BRF:0
BRH:0
end_of_record
TN:
SF:/Users/voxfeed_1/code/protos/testability-js/entities/user.js
FN:8,(anonymous_1)
FNF:1
FNH:1
FNDA:4,(anonymous_1)
DA:3,1
DA:4,1
DA:5,1
DA:9,4
DA:10,4
DA:11,2
DA:13,2
DA:17,1
LF:8
LH:8
BRDA:9,1,0,4
BRDA:9,1,1,1
BRDA:10,2,0,2
BRDA:10,2,1,2
BRF:4
BRH:4
end_of_record
TN:
SF:/Users/voxfeed_1/code/protos/testability-js/entities/validate-required.js
FN:3,(anonymous_1)
FNF:1
FNH:1
FNDA:9,(anonymous_1)
DA:3,1
DA:4,9
DA:5,9
DA:6,9
LF:4
LH:4
BRDA:4,1,0,9
BRDA:4,1,1,0
BRF:2
BRH:1
end_of_record
TN:
SF:/Users/voxfeed_1/code/protos/testability-js/database/memory/database.js
FN:6,(anonymous_1)
FN:10,(anonymous_2)
FN:15,(anonymous_3)
FNF:3
FNH:3
FNDA:4,(anonymous_1)
FNDA:3,(anonymous_2)
FNDA:5,(anonymous_3)
DA:3,1
DA:7,4
DA:11,3
DA:12,3
DA:16,5
DA:17,5
DA:21,1
LF:7
LH:7
BRF:0
BRH:0
end_of_record
